<?xml version="1.0" encoding="UTF-8"?>
<!-- Generated by org.testng.reporters.JUnitReportReporter -->
<testsuite hostname="KAI-DT136" name="com.SchoolOfDragons.LiveGemsPageChecks.TestCase1" tests="1" failures="0" timestamp="16 May 2016 07:08:19 GMT" time="73.311" errors="0">
  <testcase name="ValidAuthorisedPlayerLogin" time="73.311" classname="com.SchoolOfDragons.LiveGemsPageChecks.TestCase1"/>
</testsuite> <!-- com.SchoolOfDragons.LiveGemsPageChecks.TestCase1 -->
