<?xml version="1.0" encoding="UTF-8"?>
<!-- Generated by org.testng.reporters.JUnitReportReporter -->
<testsuite hostname="KAI-DT136" name="com.SchoolOfDragons.LiveGemsPageChecks.TestCase15" tests="1" failures="0" timestamp="16 May 2016 12:05:44 GMT" time="109.971" errors="0">
  <testcase name="ValidAuthorisedPlayerLogin" time="109.971" classname="com.SchoolOfDragons.LiveGemsPageChecks.TestCase15"/>
</testsuite> <!-- com.SchoolOfDragons.LiveGemsPageChecks.TestCase15 -->
