<?xml version="1.0" encoding="UTF-8"?>
<!-- Generated by org.testng.reporters.JUnitReportReporter -->
<testsuite hostname="KAI-DT136" name="com.SchoolOfDragons.LiveGemsPageChecks.TestCase5" tests="1" failures="0" timestamp="16 May 2016 07:00:29 GMT" time="90.452" errors="0">
  <testcase name="ValidAuthorisedPlayerLogin" time="90.452" classname="com.SchoolOfDragons.LiveGemsPageChecks.TestCase5"/>
</testsuite> <!-- com.SchoolOfDragons.LiveGemsPageChecks.TestCase5 -->
