<?xml version="1.0" encoding="UTF-8"?>
<!-- Generated by org.testng.reporters.JUnitReportReporter -->
<testsuite hostname="KAI-DT136" name="com.SchoolOfDragons.LiveGemsPageChecks.TestCase7" tests="1" failures="0" timestamp="16 May 2016 07:00:30 GMT" time="87.460" errors="0">
  <testcase name="ValidAuthorisedPlayerLogin" time="87.460" classname="com.SchoolOfDragons.LiveGemsPageChecks.TestCase7"/>
</testsuite> <!-- com.SchoolOfDragons.LiveGemsPageChecks.TestCase7 -->
