<?xml version="1.0" encoding="UTF-8"?>
<!-- Generated by org.testng.reporters.JUnitReportReporter -->
<testsuite hostname="DESKTOP-J13P4A7" name="com.SchoolOfDragons.LiveGemsPageChecks.TestCase10" tests="1" failures="0" timestamp="8 May 2016 17:57:38 GMT" time="73.804" errors="0">
  <testcase name="ValidAuthorisedPlayerLogin" time="73.804" classname="com.SchoolOfDragons.LiveGemsPageChecks.TestCase10"/>
</testsuite> <!-- com.SchoolOfDragons.LiveGemsPageChecks.TestCase10 -->
