<?xml version="1.0" encoding="UTF-8"?>
<!-- Generated by org.testng.reporters.JUnitReportReporter -->
<testsuite hostname="KAI-DT136" name="com.SchoolOfDragons.LiveGemsPageChecks.TestCase19" tests="1" failures="0" timestamp="16 May 2016 12:05:44 GMT" time="97.959" errors="0">
  <testcase name="ValidAuthorisedPlayerLogin" time="97.959" classname="com.SchoolOfDragons.LiveGemsPageChecks.TestCase19"/>
</testsuite> <!-- com.SchoolOfDragons.LiveGemsPageChecks.TestCase19 -->
