<?xml version="1.0" encoding="UTF-8"?>
<!-- Generated by org.testng.reporters.JUnitReportReporter -->
<testsuite hostname="KAI-DT136" name="com.SchoolOfDragons.LiveGemsPageChecks.TestCase21" tests="1" failures="0" timestamp="16 May 2016 14:21:58 GMT" time="100.105" errors="0">
  <testcase name="ValidAuthorisedPlayerLogin" time="100.105" classname="com.SchoolOfDragons.LiveGemsPageChecks.TestCase21"/>
</testsuite> <!-- com.SchoolOfDragons.LiveGemsPageChecks.TestCase21 -->
