<?xml version="1.0" encoding="UTF-8"?>
<!-- Generated by org.testng.reporters.JUnitReportReporter -->
<testsuite hostname="KAI-DT136" name="com.SchoolOfDragons.LiveGemsPageChecks.TestCase18" tests="1" failures="0" timestamp="16 May 2016 12:05:44 GMT" time="98.983" errors="0">
  <testcase name="ValidAuthorisedPlayerLogin" time="98.983" classname="com.SchoolOfDragons.LiveGemsPageChecks.TestCase18"/>
</testsuite> <!-- com.SchoolOfDragons.LiveGemsPageChecks.TestCase18 -->
