<?xml version="1.0" encoding="UTF-8"?>
<!-- Generated by org.testng.reporters.JUnitReportReporter -->
<testsuite hostname="KAI-DT136" name="com.SchoolOfDragons.LiveGemsPageChecks.TestCase4" tests="1" failures="0" timestamp="16 May 2016 07:00:29 GMT" time="91.859" errors="0">
  <testcase name="ValidAuthorisedPlayerLogin" time="91.859" classname="com.SchoolOfDragons.LiveGemsPageChecks.TestCase4"/>
</testsuite> <!-- com.SchoolOfDragons.LiveGemsPageChecks.TestCase4 -->
